<?xml version="1.0" encoding="UTF-8"?>
<!-- Generated by org.testng.reporters.JUnitReportReporter -->
<testsuite hostname="BAKRGOUTH" failures="0" tests="13" name="reportservice.FileName" time="56.924" errors="1" timestamp="2024-09-12T15:53:43 IST" skipped="0">
  <testcase classname="reportservice.FileName" name="test004" time="3.498"/>
  <testcase classname="reportservice.FileName" name="test004" time="3.559"/>
  <testcase classname="reportservice.FileName" name="test004" time="4.279"/>
  <testcase classname="reportservice.FileName" name="test004" time="5.405"/>
  <testcase classname="reportservice.FileName" name="test004" time="5.618"/>
  <testcase classname="reportservice.FileName" name="test004" time="3.957"/>
  <testcase classname="reportservice.FileName" name="test004" time="3.857"/>
  <testcase classname="reportservice.FileName" name="test004" time="4.379"/>
  <testcase classname="reportservice.FileName" name="test004" time="3.830"/>
  <testcase classname="reportservice.FileName" name="test005" time="0.000">
    <error message="
Method public static void reportservice.FileName.test005(java.lang.String,java.lang.String) requires a @DataProvider named : password" type="org.testng.TestNGException">
      <![CDATA[org.testng.TestNGException: 
Method public static void reportservice.FileName.test005(java.lang.String,java.lang.String) requires a @DataProvider named : password
at org.testng.internal.Parameters.findDataProvider(Parameters.java:526)
at org.testng.internal.Parameters.handleParameters(Parameters.java:763)
at org.testng.internal.Parameters.handleParameters(Parameters.java:728)
at org.testng.internal.invokers.ParameterHandler.handleParameters(ParameterHandler.java:72)
at org.testng.internal.invokers.ParameterHandler.createParameters(ParameterHandler.java:51)
at org.testng.internal.invokers.TestInvoker$MethodInvocationAgent.invoke(TestInvoker.java:911)
at org.testng.internal.invokers.TestInvoker.invokeTestMethods(TestInvoker.java:200)
at org.testng.internal.invokers.TestMethodWorker.invokeTestMethods(TestMethodWorker.java:148)
at org.testng.internal.invokers.TestMethodWorker.run(TestMethodWorker.java:128)
at java.base/java.util.ArrayList.forEach(ArrayList.java:1596)
at org.testng.TestRunner.privateRun(TestRunner.java:848)
at org.testng.TestRunner.run(TestRunner.java:621)
at org.testng.SuiteRunner.runTest(SuiteRunner.java:443)
at org.testng.SuiteRunner.runSequentially(SuiteRunner.java:437)
at org.testng.SuiteRunner.privateRun(SuiteRunner.java:397)
at org.testng.SuiteRunner.run(SuiteRunner.java:336)
at org.testng.SuiteRunnerWorker.runSuite(SuiteRunnerWorker.java:52)
at org.testng.SuiteRunnerWorker.run(SuiteRunnerWorker.java:95)
at org.testng.TestNG.runSuitesSequentially(TestNG.java:1280)
at org.testng.TestNG.runSuitesLocally(TestNG.java:1200)
at org.testng.TestNG.runSuites(TestNG.java:1114)
at org.testng.TestNG.run(TestNG.java:1082)
at org.testng.remote.AbstractRemoteTestNG.run(AbstractRemoteTestNG.java:115)
at org.testng.remote.RemoteTestNG.initAndRun(RemoteTestNG.java:293)
at org.testng.remote.RemoteTestNG.main(RemoteTestNG.java:91)
]]>
    </error>
  </testcase> <!-- test005 -->
  <testcase classname="reportservice.FileName" name="test004" time="8.752"/>
  <testcase classname="reportservice.FileName" name="test004" time="5.425"/>
  <testcase classname="reportservice.FileName" name="test004" time="4.365"/>
</testsuite> <!-- reportservice.FileName -->
