<?xml version="1.0" encoding="UTF-8"?>
<!-- Generated by org.testng.reporters.JUnitXMLReporter -->
<testsuite ignored="0" hostname="BAKRGOUTH" failures="1" tests="15" name="Default test" time="376.83" errors="0" timestamp="2024-08-28T12:47:17 IST">
  <testcase classname="reportservice.FileName" name="test004" time="11.965"/>
  <testcase classname="reportservice.FileName" name="test004" time="5.11"/>
  <testcase classname="reportservice.FileName" name="test004" time="7.256"/>
  <testcase classname="reportservice.FileName" name="test004" time="11.573"/>
  <testcase classname="reportservice.FileName" name="test004" time="23.098"/>
  <testcase classname="reportservice.FileName" name="test004" time="60.239">
    <skipped/>
  </testcase> <!-- test004 -->
  <testcase classname="reportservice.FileName" name="test004" time="2.114">
    <skipped/>
  </testcase> <!-- test004 -->
  <testcase classname="reportservice.FileName" name="test004" time="12.06"/>
  <testcase classname="reportservice.FileName" name="test004" time="7.852"/>
  <testcase classname="reportservice.FileName" name="test004" time="4.994"/>
  <testcase classname="reportservice.FileName" name="test004" time="9.501"/>
  <testcase classname="reportservice.FileName" name="test004" time="6.348"/>
  <testcase classname="reportservice.FileName" name="test004" time="8.1"/>
  <testcase classname="reportservice.FileName" name="test004" time="6.297"/>
  <testcase classname="reportservice.FileName" name="test005" time="0.0">
    <failure type="org.testng.TestNGException" message="
Method public static void reportservice.FileName.test005(java.lang.String,java.lang.String) requires a @DataProvider named : password">
      <![CDATA[org.testng.TestNGException: 
Method public static void reportservice.FileName.test005(java.lang.String,java.lang.String) requires a @DataProvider named : password
at org.testng.internal.Parameters.findDataProvider(Parameters.java:526)
at org.testng.internal.Parameters.handleParameters(Parameters.java:763)
at org.testng.internal.Parameters.handleParameters(Parameters.java:728)
at org.testng.internal.invokers.ParameterHandler.handleParameters(ParameterHandler.java:72)
at org.testng.internal.invokers.ParameterHandler.createParameters(ParameterHandler.java:51)
at org.testng.internal.invokers.TestInvoker$MethodInvocationAgent.invoke(TestInvoker.java:911)
at org.testng.internal.invokers.TestInvoker.invokeTestMethods(TestInvoker.java:200)
at org.testng.internal.invokers.TestMethodWorker.invokeTestMethods(TestMethodWorker.java:148)
at org.testng.internal.invokers.TestMethodWorker.run(TestMethodWorker.java:128)
at java.base/java.util.ArrayList.forEach(ArrayList.java:1596)
at org.testng.TestRunner.privateRun(TestRunner.java:848)
at org.testng.TestRunner.run(TestRunner.java:621)
at org.testng.SuiteRunner.runTest(SuiteRunner.java:443)
at org.testng.SuiteRunner.runSequentially(SuiteRunner.java:437)
at org.testng.SuiteRunner.privateRun(SuiteRunner.java:397)
at org.testng.SuiteRunner.run(SuiteRunner.java:336)
at org.testng.SuiteRunnerWorker.runSuite(SuiteRunnerWorker.java:52)
at org.testng.SuiteRunnerWorker.run(SuiteRunnerWorker.java:95)
at org.testng.TestNG.runSuitesSequentially(TestNG.java:1280)
at org.testng.TestNG.runSuitesLocally(TestNG.java:1200)
at org.testng.TestNG.runSuites(TestNG.java:1114)
at org.testng.TestNG.run(TestNG.java:1082)
at org.testng.remote.AbstractRemoteTestNG.run(AbstractRemoteTestNG.java:115)
at org.testng.remote.RemoteTestNG.initAndRun(RemoteTestNG.java:293)
at org.testng.remote.RemoteTestNG.main(RemoteTestNG.java:91)
]]>
    </failure>
  </testcase> <!-- test005 -->
</testsuite> <!-- Default test -->
